<?xml version="1.0" encoding="UTF-8"?>
<!-- Generated by org.testng.reporters.JUnitReportReporter -->
<testsuite hostname="LAPTOP-IP00DK1I" failures="0" tests="5" name="test.Tc_002LoginTest" time="24.094" errors="0" timestamp="2025-03-24T20:52:26 IST" skipped="0">
  <testcase classname="test.Tc_002LoginTest" name="login" time="4.698"/>
  <testcase classname="test.Tc_002LoginTest" name="login" time="3.639"/>
  <testcase classname="test.Tc_002LoginTest" name="login" time="4.736"/>
  <testcase classname="test.Tc_002LoginTest" name="login" time="4.614"/>
  <testcase classname="test.Tc_002LoginTest" name="login" time="6.407"/>
</testsuite> <!-- test.Tc_002LoginTest -->
