<?xml version="1.0" encoding="UTF-8"?>
<!-- Generated by org.testng.reporters.JUnitReportReporter -->
<testsuite hostname="LAPTOP-IP00DK1I" failures="0" tests="4" name="test.TC_004Payment" time="79.515" errors="0" timestamp="2025-03-24T20:52:26 IST" skipped="0">
  <testcase classname="test.TC_004Payment" name="PurchasePayment" time="19.557"/>
  <testcase classname="test.TC_004Payment" name="PurchasePayment" time="19.893"/>
  <testcase classname="test.TC_004Payment" name="PurchasePayment" time="20.341"/>
  <testcase classname="test.TC_004Payment" name="PurchasePayment" time="19.724"/>
</testsuite> <!-- test.TC_004Payment -->
