<?xml version="1.0" encoding="UTF-8"?>
<!-- Generated by org.testng.reporters.JUnitReportReporter -->
<testsuite hostname="LAPTOP-IP00DK1I" failures="0" tests="1" name="test.TC_005LogoutTest" time="9.269" errors="0" timestamp="2025-03-24T20:52:26 IST" skipped="0">
  <testcase classname="test.TC_005LogoutTest" name="logoutfunction" time="9.269"/>
</testsuite> <!-- test.TC_005LogoutTest -->
