<?xml version="1.0" encoding="UTF-8"?>
<!-- Generated by org.testng.reporters.JUnitReportReporter -->
<testsuite hostname="LAPTOP-IP00DK1I" failures="0" tests="1" name="test.ExistingUserSignupTest" time="5.460" errors="0" timestamp="2025-03-20T15:55:55 IST" skipped="0">
  <testcase classname="test.ExistingUserSignupTest" name="Existing_RegisterTest" time="5.460"/>
</testsuite> <!-- test.ExistingUserSignupTest -->
