<?xml version="1.0" encoding="UTF-8"?>
<!-- Generated by org.testng.reporters.JUnitReportReporter -->
<testsuite hostname="LAPTOP-IP00DK1I" failures="0" tests="1" name="test.TC_001HomeTest" time="3.399" errors="0" timestamp="2025-03-16T13:09:54 IST" skipped="0">
  <testcase classname="test.TC_001HomeTest" name="Home" time="3.399"/>
</testsuite> <!-- test.TC_001HomeTest -->
