<?xml version="1.0" encoding="UTF-8"?>
<!-- Generated by org.testng.reporters.JUnitReportReporter -->
<testsuite hostname="LAPTOP-IP00DK1I" failures="0" tests="3" name="test.TC_001SignupTest" time="14.220" errors="0" timestamp="2025-03-24T20:52:26 IST" skipped="0">
  <testcase classname="test.TC_001SignupTest" name="RegisterTest" time="6.988"/>
  <testcase classname="test.TC_001SignupTest" name="existinguser" time="4.213"/>
  <testcase classname="test.TC_001SignupTest" name="Emptyfield" time="3.019"/>
</testsuite> <!-- test.TC_001SignupTest -->
