<?xml version="1.0" encoding="UTF-8"?>
<!-- Generated by org.testng.reporters.JUnitReportReporter -->
<testsuite hostname="LAPTOP-IP00DK1I" failures="0" tests="1" name="test.TC_003Dashboard" time="4.342" errors="0" timestamp="2025-03-19T12:39:58 IST" skipped="0">
  <testcase classname="test.TC_003Dashboard" name="dashboard" time="4.342"/>
</testsuite> <!-- test.TC_003Dashboard -->
